[35m[Appium][39m Welcome to Appium v1.22.2
[35m[Appium][39m Non-default server args:
[35m[Appium][39m   port: 62880
[35m[Appium][39m   loglevel: info
[35m[Appium][39m   tmpDir: C:\Users\aldir\AppData\Local\Temp\\Katalon\Appium\Temp1645179275762
[35m[Appium][39m   chromedriverPort: 62881
[35m[Appium][39m Deprecated server args:
[35m[Appium][39m   [31m--chromedriver-port[39m => --default-capabilities
[35m[Appium][39m Default capabilities, which will be added to each request unless overridden by desired capabilities:
[35m[Appium][39m   chromedriverPort: 62881
[35m[Appium][39m Appium REST http interface listener started on 0.0.0.0:62880
[35m[HTTP][39m [37m-->[39m [37mGET[39m [37m/wd/hub/status[39m
[35m[HTTP][39m [90m{}[39m
[35m[HTTP][39m [37m<-- GET /wd/hub/status [39m[32m200[39m [90m8 ms - 68[39m
[35m[HTTP][39m [90m[39m
[35m[HTTP][39m [37m-->[39m [37mPOST[39m [37m/wd/hub/session[39m
[35m[HTTP][39m [90m{"desiredCapabilities":{"appActivity":".Settings","appPackage":"com.android.settings","newCommandTimeout":1800,"platformVersion":"11","automationName":"uiautomator2","autoGrantPermissions":true,"platformName":"Android","udid":"90329a1c","deviceName":"Xiaomi MI 9 (Android 11)","platform":"ANDROID","systemPort":8211},"capabilities":{"firstMatch":[{"appium:appActivity":".Settings","appium:appPackage":"com.android.settings","appium:autoGrantPermissions":true,"appium:automationName":"uiautomator2","appium:deviceName":"Xiaomi MI 9 (Android 11)","appium:newCommandTimeout":1800,"platform":"ANDROID","platformName":"android","appium:platformVersion":"11","appium:systemPort":8211,"appium:udid":"90329a1c"}]}}[39m
[35m[BaseDriver][39m The following capabilities are not standard capabilities and should have an extension prefix:
[35m[BaseDriver][39m   platform
[35m[BaseDriver][39m   chromedriverPort
[35m[Appium][39m Appium v1.22.2 creating new AndroidUiautomator2Driver (v1.70.1) session
[35m[BaseDriver][39m The following capabilities were provided, but are not recognized by Appium:
[35m[BaseDriver][39m   platform
[35m[BaseDriver][39m Session created with session id: 4f745ffc-c3c0-4d92-9e79-14a5459e46b5
[35m[UiAutomator2][39m Starting 'com.android.settings' directly on the device
[35m[ADB][39m Found 1 'build-tools' folders under 'C:\Users\aldir\.katalon\tools\android_sdk' (newest first):
[35m[ADB][39m     C:/Users/aldir/.katalon/tools/android_sdk/build-tools/29.0.3
[35m[ADB][39m Using 'adb.exe' from 'C:\Users\aldir\.katalon\tools\android_sdk\platform-tools\adb.exe'
[35m[AndroidDriver][39m Retrieving device list
[35m[AndroidDriver][39m Using device: 90329a1c
[35m[ADB][39m Using 'adb.exe' from 'C:\Users\aldir\.katalon\tools\android_sdk\platform-tools\adb.exe'
[35m[ADB][39m Getting device platform version
[35m[UiAutomator2][39m Relaxing hidden api policy
[35m[AndroidDriver][39m No app sent in, not parsing package/activity
[35m[ADB][39m Using 'apksigner.jar' from 'C:\Users\aldir\.katalon\tools\android_sdk\build-tools\29.0.3\lib\apksigner.jar'
[35m[ADB][39m 'C:\Users\aldir\AppData\Roaming\npm\node_modules\appium\node_modules\appium-uiautomator2-server\apks\appium-uiautomator2-server-v4.27.0.apk' is signed with the default certificate
[35m[ADB][39m 'C:\Users\aldir\AppData\Roaming\npm\node_modules\appium\node_modules\appium-uiautomator2-server\apks\appium-uiautomator2-server-debug-androidTest.apk' is signed with the default certificate
[35m[UiAutomator2][39m Server packages are not going to be (re)installed
[35m[ADB][39m Adding packages ["io.appium.settings","io.appium.uiautomator2.server","io.appium.uiautomator2.server.test"] to Doze whitelist
[35m[UiAutomator2][39m Starting UIAutomator2 server 4.27.0
[35m[UiAutomator2][39m Using UIAutomator2 server from 'C:\Users\aldir\AppData\Roaming\npm\node_modules\appium\node_modules\appium-uiautomator2-server\apks\appium-uiautomator2-server-v4.27.0.apk' and test from 'C:\Users\aldir\AppData\Roaming\npm\node_modules\appium\node_modules\appium-uiautomator2-server\apks\appium-uiautomator2-server-debug-androidTest.apk'
[35m[UiAutomator2][39m Waiting up to 30000ms for UiAutomator2 to be online...
[35m[WD Proxy][39m socket hang up
[35m[WD Proxy][39m socket hang up
[35m[WD Proxy][39m socket hang up
[35m[WD Proxy][39m Determined the downstream protocol as 'W3C'
[35m[AndroidDriver][39m Screen already unlocked, doing nothing
[35m[UiAutomator2][39m Starting 'com.android.settings/.Settings and waiting for 'com.android.settings/.Settings'
[35m[Appium][39m New AndroidUiautomator2Driver session created successfully, session 4f745ffc-c3c0-4d92-9e79-14a5459e46b5 added to master session list
[35m[HTTP][39m [37m<-- POST /wd/hub/session [39m[32m200[39m [90m8332 ms - 1134[39m
[35m[HTTP][39m [90m[39m
[35m[HTTP][39m [37m-->[39m [37mGET[39m [37m/wd/hub/session/4f745ffc-c3c0-4d92-9e79-14a5459e46b5[39m
[35m[HTTP][39m [90m{}[39m
[35m[HTTP][39m [37m<-- GET /wd/hub/session/4f745ffc-c3c0-4d92-9e79-14a5459e46b5 [39m[32m200[39m [90m11 ms - 1088[39m
[35m[HTTP][39m [90m[39m
[35m[HTTP][39m [37m-->[39m [37mGET[39m [37m/wd/hub/session/4f745ffc-c3c0-4d92-9e79-14a5459e46b5[39m
[35m[HTTP][39m [90m{}[39m
[35m[HTTP][39m [37m<-- GET /wd/hub/session/4f745ffc-c3c0-4d92-9e79-14a5459e46b5 [39m[32m200[39m [90m6 ms - 1088[39m
[35m[HTTP][39m [90m[39m
[35m[HTTP][39m [37m-->[39m [37mGET[39m [37m/wd/hub/status[39m
[35m[HTTP][39m [90m{}[39m
[35m[HTTP][39m [37m<-- GET /wd/hub/status [39m[32m200[39m [90m1 ms - 68[39m
[35m[HTTP][39m [90m[39m
[35m[HTTP][39m [37m-->[39m [37mPOST[39m [37m/wd/hub/session/4f745ffc-c3c0-4d92-9e79-14a5459e46b5/timeouts[39m
[35m[HTTP][39m [90m{"implicit":30000}[39m
[35m[HTTP][39m [37m<-- POST /wd/hub/session/4f745ffc-c3c0-4d92-9e79-14a5459e46b5/timeouts [39m[32m200[39m [90m2 ms - 14[39m
[35m[HTTP][39m [90m[39m
[35m[HTTP][39m [37m-->[39m [37mGET[39m [37m/wd/hub/session/4f745ffc-c3c0-4d92-9e79-14a5459e46b5/screenshot[39m
[35m[HTTP][39m [90m{}[39m
[35m[HTTP][39m [37m<-- GET /wd/hub/session/4f745ffc-c3c0-4d92-9e79-14a5459e46b5/screenshot [39m[32m200[39m [90m320 ms - 200666[39m
[35m[HTTP][39m [90m[39m
[35m[HTTP][39m [37m-->[39m [37mGET[39m [37m/wd/hub/session/4f745ffc-c3c0-4d92-9e79-14a5459e46b5/window/rect[39m
[35m[HTTP][39m [90m{}[39m
[35m[HTTP][39m [37m<-- GET /wd/hub/session/4f745ffc-c3c0-4d92-9e79-14a5459e46b5/window/rect [39m[32m200[39m [90m12 ms - 50[39m
[35m[HTTP][39m [90m[39m
[35m[HTTP][39m [37m-->[39m [37mGET[39m [37m/wd/hub/session/4f745ffc-c3c0-4d92-9e79-14a5459e46b5/appium/device/system_bars[39m
[35m[HTTP][39m [90m{}[39m
[35m[HTTP][39m [37m<-- GET /wd/hub/session/4f745ffc-c3c0-4d92-9e79-14a5459e46b5/appium/device/system_bars [39m[32m200[39m [90m71 ms - 147[39m
[35m[HTTP][39m [90m[39m
[35m[HTTP][39m [37m-->[39m [37mPOST[39m [37m/wd/hub/session/4f745ffc-c3c0-4d92-9e79-14a5459e46b5/appium/device/activate_app[39m
[35m[HTTP][39m [90m{"bundleId":"com.loginmodule.learning"}[39m
[35m[HTTP][39m [37m<-- POST /wd/hub/session/4f745ffc-c3c0-4d92-9e79-14a5459e46b5/appium/device/activate_app [39m[32m200[39m [90m305 ms - 14[39m
[35m[HTTP][39m [90m[39m
[35m[HTTP][39m [37m-->[39m [37mPOST[39m [37m/wd/hub/session/4f745ffc-c3c0-4d92-9e79-14a5459e46b5/timeouts[39m
[35m[HTTP][39m [90m{"implicit":50}[39m
[35m[HTTP][39m [37m<-- POST /wd/hub/session/4f745ffc-c3c0-4d92-9e79-14a5459e46b5/timeouts [39m[32m200[39m [90m1 ms - 14[39m
[35m[HTTP][39m [90m[39m
[35m[HTTP][39m [37m-->[39m [37mGET[39m [37m/wd/hub/session/4f745ffc-c3c0-4d92-9e79-14a5459e46b5/window/rect[39m
[35m[HTTP][39m [90m{}[39m
[35m[HTTP][39m [37m<-- GET /wd/hub/session/4f745ffc-c3c0-4d92-9e79-14a5459e46b5/window/rect [39m[32m200[39m [90m13 ms - 50[39m
[35m[HTTP][39m [90m[39m
[35m[HTTP][39m [37m-->[39m [37mPOST[39m [37m/wd/hub/session/4f745ffc-c3c0-4d92-9e79-14a5459e46b5/elements[39m
[35m[HTTP][39m [90m{"using":"xpath","value":"//*[@class = 'android.widget.TextView' and (@text = 'No account yet? Create one' or . = 'No account yet? Create one') and @resource-id = 'com.loginmodule.learning:id/textViewLinkRegister']"}[39m
[35m[HTTP][39m [37m<-- POST /wd/hub/session/4f745ffc-c3c0-4d92-9e79-14a5459e46b5/elements [39m[32m200[39m [90m770 ms - 139[39m
[35m[HTTP][39m [90m[39m
[35m[HTTP][39m [37m-->[39m [37mGET[39m [37m/wd/hub/session/4f745ffc-c3c0-4d92-9e79-14a5459e46b5/element/00000000-0000-00f3-ffff-ffff0000000d/location[39m
[35m[HTTP][39m [90m{}[39m
[35m[W3C (4f745ffc)][39m Driver proxy active, passing request on via HTTP proxy
[35m[WD Proxy][39m Replacing sessionId 40128624-bacb-4839-afa2-4743f7c51352 with 4f745ffc-c3c0-4d92-9e79-14a5459e46b5
[35m[HTTP][39m [37m<-- GET /wd/hub/session/4f745ffc-c3c0-4d92-9e79-14a5459e46b5/element/00000000-0000-00f3-ffff-ffff0000000d/location [39m[32m200[39m [90m310 ms - 78[39m
[35m[HTTP][39m [90m[39m
[35m[HTTP][39m [37m-->[39m [37mPOST[39m [37m/wd/hub/session/4f745ffc-c3c0-4d92-9e79-14a5459e46b5/timeouts[39m
[35m[HTTP][39m [90m{"implicit":30000}[39m
[35m[HTTP][39m [37m<-- POST /wd/hub/session/4f745ffc-c3c0-4d92-9e79-14a5459e46b5/timeouts [39m[32m200[39m [90m1 ms - 14[39m
[35m[HTTP][39m [90m[39m
[35m[HTTP][39m [37m-->[39m [37mPOST[39m [37m/wd/hub/session/4f745ffc-c3c0-4d92-9e79-14a5459e46b5/touch/perform[39m
[35m[HTTP][39m [90m{"actions":[{"action":"tap","options":{"x":1,"y":1,"element":"00000000-0000-00f3-ffff-ffff0000000d"}},{"action":"release","options":{}}]}[39m
[35m[UiAutomator2][39m calling get location: 00000000-0000-00f3-ffff-ffff0000000d
[35m[HTTP][39m [37m<-- POST /wd/hub/session/4f745ffc-c3c0-4d92-9e79-14a5459e46b5/touch/perform [39m[32m200[39m [90m803 ms - 14[39m
[35m[HTTP][39m [90m[39m
[35m[HTTP][39m [37m-->[39m [37mPOST[39m [37m/wd/hub/session/4f745ffc-c3c0-4d92-9e79-14a5459e46b5/timeouts[39m
[35m[HTTP][39m [90m{"implicit":50}[39m
[35m[HTTP][39m [37m<-- POST /wd/hub/session/4f745ffc-c3c0-4d92-9e79-14a5459e46b5/timeouts [39m[32m200[39m [90m1 ms - 14[39m
[35m[HTTP][39m [90m[39m
[35m[HTTP][39m [37m-->[39m [37mGET[39m [37m/wd/hub/session/4f745ffc-c3c0-4d92-9e79-14a5459e46b5/window/rect[39m
[35m[HTTP][39m [90m{}[39m
[35m[HTTP][39m [37m<-- GET /wd/hub/session/4f745ffc-c3c0-4d92-9e79-14a5459e46b5/window/rect [39m[32m200[39m [90m22 ms - 50[39m
[35m[HTTP][39m [90m[39m
[35m[HTTP][39m [37m-->[39m [37mPOST[39m [37m/wd/hub/session/4f745ffc-c3c0-4d92-9e79-14a5459e46b5/elements[39m
[35m[HTTP][39m [90m{"using":"xpath","value":"//*[@class = 'android.widget.EditText' and @resource-id = 'com.loginmodule.learning:id/textInputEditTextName' and (@text = '' or . = '')]"}[39m
[35m[HTTP][39m [37m<-- POST /wd/hub/session/4f745ffc-c3c0-4d92-9e79-14a5459e46b5/elements [39m[32m200[39m [90m82 ms - 139[39m
[35m[HTTP][39m [90m[39m
[35m[HTTP][39m [37m-->[39m [37mGET[39m [37m/wd/hub/session/4f745ffc-c3c0-4d92-9e79-14a5459e46b5/element/00000000-0000-00f4-ffff-ffff0000001e/location[39m
[35m[HTTP][39m [90m{}[39m
[35m[W3C (4f745ffc)][39m Driver proxy active, passing request on via HTTP proxy
[35m[WD Proxy][39m Replacing sessionId 40128624-bacb-4839-afa2-4743f7c51352 with 4f745ffc-c3c0-4d92-9e79-14a5459e46b5
[35m[HTTP][39m [37m<-- GET /wd/hub/session/4f745ffc-c3c0-4d92-9e79-14a5459e46b5/element/00000000-0000-00f4-ffff-ffff0000001e/location [39m[32m200[39m [90m19 ms - 77[39m
[35m[HTTP][39m [90m[39m
[35m[HTTP][39m [37m-->[39m [37mPOST[39m [37m/wd/hub/session/4f745ffc-c3c0-4d92-9e79-14a5459e46b5/timeouts[39m
[35m[HTTP][39m [90m{"implicit":30000}[39m
[35m[HTTP][39m [37m<-- POST /wd/hub/session/4f745ffc-c3c0-4d92-9e79-14a5459e46b5/timeouts [39m[32m200[39m [90m1 ms - 14[39m
[35m[HTTP][39m [90m[39m
[35m[HTTP][39m [37m-->[39m [37mPOST[39m [37m/wd/hub/session/4f745ffc-c3c0-4d92-9e79-14a5459e46b5/element/00000000-0000-00f4-ffff-ffff0000001e/clear[39m
[35m[HTTP][39m [90m{"id":"00000000-0000-00f4-ffff-ffff0000001e"}[39m
[35m[HTTP][39m [37m<-- POST /wd/hub/session/4f745ffc-c3c0-4d92-9e79-14a5459e46b5/element/00000000-0000-00f4-ffff-ffff0000001e/clear [39m[32m200[39m [90m31 ms - 14[39m
[35m[HTTP][39m [90m[39m
[35m[HTTP][39m [37m-->[39m [37mPOST[39m [37m/wd/hub/session/4f745ffc-c3c0-4d92-9e79-14a5459e46b5/element/00000000-0000-00f4-ffff-ffff0000001e/value[39m
[35m[HTTP][39m [90m{"id":"00000000-0000-00f4-ffff-ffff0000001e","text":"aldi","value":["a","l","d","i"]}[39m
[35m[HTTP][39m [37m<-- POST /wd/hub/session/4f745ffc-c3c0-4d92-9e79-14a5459e46b5/element/00000000-0000-00f4-ffff-ffff0000001e/value [39m[32m200[39m [90m554 ms - 14[39m
[35m[HTTP][39m [90m[39m
[35m[HTTP][39m [37m-->[39m [37mPOST[39m [37m/wd/hub/session/4f745ffc-c3c0-4d92-9e79-14a5459e46b5/timeouts[39m
[35m[HTTP][39m [90m{"implicit":50}[39m
[35m[HTTP][39m [37m<-- POST /wd/hub/session/4f745ffc-c3c0-4d92-9e79-14a5459e46b5/timeouts [39m[32m200[39m [90m1 ms - 14[39m
[35m[HTTP][39m [90m[39m
[35m[HTTP][39m [37m-->[39m [37mGET[39m [37m/wd/hub/session/4f745ffc-c3c0-4d92-9e79-14a5459e46b5/window/rect[39m
[35m[HTTP][39m [90m{}[39m
[35m[HTTP][39m [37m<-- GET /wd/hub/session/4f745ffc-c3c0-4d92-9e79-14a5459e46b5/window/rect [39m[32m200[39m [90m33 ms - 50[39m
[35m[HTTP][39m [90m[39m
[35m[HTTP][39m [37m-->[39m [37mPOST[39m [37m/wd/hub/session/4f745ffc-c3c0-4d92-9e79-14a5459e46b5/elements[39m
[35m[HTTP][39m [90m{"using":"xpath","value":"//*[@class = 'android.widget.EditText' and @resource-id = 'com.loginmodule.learning:id/textInputEditTextEmail' and (@text = '' or . = '')]"}[39m
[35m[HTTP][39m [37m<-- POST /wd/hub/session/4f745ffc-c3c0-4d92-9e79-14a5459e46b5/elements [39m[32m200[39m [90m123 ms - 139[39m
[35m[HTTP][39m [90m[39m
[35m[HTTP][39m [37m-->[39m [37mGET[39m [37m/wd/hub/session/4f745ffc-c3c0-4d92-9e79-14a5459e46b5/element/00000000-0000-00f4-ffff-ffff00000020/location[39m
[35m[HTTP][39m [90m{}[39m
[35m[W3C (4f745ffc)][39m Driver proxy active, passing request on via HTTP proxy
[35m[WD Proxy][39m Replacing sessionId 40128624-bacb-4839-afa2-4743f7c51352 with 4f745ffc-c3c0-4d92-9e79-14a5459e46b5
[35m[HTTP][39m [37m<-- GET /wd/hub/session/4f745ffc-c3c0-4d92-9e79-14a5459e46b5/element/00000000-0000-00f4-ffff-ffff00000020/location [39m[32m200[39m [90m23 ms - 77[39m
[35m[HTTP][39m [90m[39m
[35m[HTTP][39m [37m-->[39m [37mPOST[39m [37m/wd/hub/session/4f745ffc-c3c0-4d92-9e79-14a5459e46b5/timeouts[39m
[35m[HTTP][39m [90m{"implicit":30000}[39m
[35m[HTTP][39m [37m<-- POST /wd/hub/session/4f745ffc-c3c0-4d92-9e79-14a5459e46b5/timeouts [39m[32m200[39m [90m1 ms - 14[39m
[35m[HTTP][39m [90m[39m
[35m[HTTP][39m [37m-->[39m [37mPOST[39m [37m/wd/hub/session/4f745ffc-c3c0-4d92-9e79-14a5459e46b5/element/00000000-0000-00f4-ffff-ffff00000020/clear[39m
[35m[HTTP][39m [90m{"id":"00000000-0000-00f4-ffff-ffff00000020"}[39m
[35m[HTTP][39m [37m<-- POST /wd/hub/session/4f745ffc-c3c0-4d92-9e79-14a5459e46b5/element/00000000-0000-00f4-ffff-ffff00000020/clear [39m[32m200[39m [90m30 ms - 14[39m
[35m[HTTP][39m [90m[39m
[35m[HTTP][39m [37m-->[39m [37mPOST[39m [37m/wd/hub/session/4f745ffc-c3c0-4d92-9e79-14a5459e46b5/element/00000000-0000-00f4-ffff-ffff00000020/value[39m
[35m[HTTP][39m [90m{"id":"00000000-0000-00f4-ffff-ffff00000020","text":"aldi1@aldi.com","value":["a","l","d","i","1","@","a","l","d","i",".","c","o","m"]}[39m
[35m[HTTP][39m [37m<-- POST /wd/hub/session/4f745ffc-c3c0-4d92-9e79-14a5459e46b5/element/00000000-0000-00f4-ffff-ffff00000020/value [39m[32m200[39m [90m520 ms - 14[39m
[35m[HTTP][39m [90m[39m
[35m[HTTP][39m [37m-->[39m [37mPOST[39m [37m/wd/hub/session/4f745ffc-c3c0-4d92-9e79-14a5459e46b5/timeouts[39m
[35m[HTTP][39m [90m{"implicit":50}[39m
[35m[HTTP][39m [37m<-- POST /wd/hub/session/4f745ffc-c3c0-4d92-9e79-14a5459e46b5/timeouts [39m[32m200[39m [90m1 ms - 14[39m
[35m[HTTP][39m [90m[39m
[35m[HTTP][39m [37m-->[39m [37mGET[39m [37m/wd/hub/session/4f745ffc-c3c0-4d92-9e79-14a5459e46b5/window/rect[39m
[35m[HTTP][39m [90m{}[39m
[35m[HTTP][39m [37m<-- GET /wd/hub/session/4f745ffc-c3c0-4d92-9e79-14a5459e46b5/window/rect [39m[32m200[39m [90m25 ms - 50[39m
[35m[HTTP][39m [90m[39m
[35m[HTTP][39m [37m-->[39m [37mPOST[39m [37m/wd/hub/session/4f745ffc-c3c0-4d92-9e79-14a5459e46b5/elements[39m
[35m[HTTP][39m [90m{"using":"xpath","value":"//*[@class = 'android.widget.EditText' and @resource-id = 'com.loginmodule.learning:id/textInputEditTextPassword' and (@text = '' or . = '')]"}[39m
[35m[HTTP][39m [37m<-- POST /wd/hub/session/4f745ffc-c3c0-4d92-9e79-14a5459e46b5/elements [39m[32m200[39m [90m117 ms - 139[39m
[35m[HTTP][39m [90m[39m
[35m[HTTP][39m [37m-->[39m [37mGET[39m [37m/wd/hub/session/4f745ffc-c3c0-4d92-9e79-14a5459e46b5/element/00000000-0000-00f4-ffff-ffff00000022/location[39m
[35m[HTTP][39m [90m{}[39m
[35m[W3C (4f745ffc)][39m Driver proxy active, passing request on via HTTP proxy
[35m[WD Proxy][39m Replacing sessionId 40128624-bacb-4839-afa2-4743f7c51352 with 4f745ffc-c3c0-4d92-9e79-14a5459e46b5
[35m[HTTP][39m [37m<-- GET /wd/hub/session/4f745ffc-c3c0-4d92-9e79-14a5459e46b5/element/00000000-0000-00f4-ffff-ffff00000022/location [39m[32m200[39m [90m27 ms - 78[39m
[35m[HTTP][39m [90m[39m
[35m[HTTP][39m [37m-->[39m [37mPOST[39m [37m/wd/hub/session/4f745ffc-c3c0-4d92-9e79-14a5459e46b5/timeouts[39m
[35m[HTTP][39m [90m{"implicit":30000}[39m
[35m[HTTP][39m [37m<-- POST /wd/hub/session/4f745ffc-c3c0-4d92-9e79-14a5459e46b5/timeouts [39m[32m200[39m [90m1 ms - 14[39m
[35m[HTTP][39m [90m[39m
[35m[HTTP][39m [37m-->[39m [37mPOST[39m [37m/wd/hub/session/4f745ffc-c3c0-4d92-9e79-14a5459e46b5/element/00000000-0000-00f4-ffff-ffff00000022/clear[39m
[35m[HTTP][39m [90m{"id":"00000000-0000-00f4-ffff-ffff00000022"}[39m
[35m[HTTP][39m [37m<-- POST /wd/hub/session/4f745ffc-c3c0-4d92-9e79-14a5459e46b5/element/00000000-0000-00f4-ffff-ffff00000022/clear [39m[32m200[39m [90m26 ms - 14[39m
[35m[HTTP][39m [90m[39m
[35m[HTTP][39m [37m-->[39m [37mPOST[39m [37m/wd/hub/session/4f745ffc-c3c0-4d92-9e79-14a5459e46b5/element/00000000-0000-00f4-ffff-ffff00000022/value[39m
[35m[HTTP][39m [90m{"id":"00000000-0000-00f4-ffff-ffff00000022","text":"123456789","value":["1","2","3","4","5","6","7","8","9"]}[39m
[35m[HTTP][39m [37m<-- POST /wd/hub/session/4f745ffc-c3c0-4d92-9e79-14a5459e46b5/element/00000000-0000-00f4-ffff-ffff00000022/value [39m[32m200[39m [90m523 ms - 14[39m
[35m[HTTP][39m [90m[39m
[35m[HTTP][39m [37m-->[39m [37mPOST[39m [37m/wd/hub/session/4f745ffc-c3c0-4d92-9e79-14a5459e46b5/timeouts[39m
[35m[HTTP][39m [90m{"implicit":50}[39m
[35m[HTTP][39m [37m<-- POST /wd/hub/session/4f745ffc-c3c0-4d92-9e79-14a5459e46b5/timeouts [39m[32m200[39m [90m1 ms - 14[39m
[35m[HTTP][39m [90m[39m
[35m[HTTP][39m [37m-->[39m [37mGET[39m [37m/wd/hub/session/4f745ffc-c3c0-4d92-9e79-14a5459e46b5/window/rect[39m
[35m[HTTP][39m [90m{}[39m
[35m[HTTP][39m [37m<-- GET /wd/hub/session/4f745ffc-c3c0-4d92-9e79-14a5459e46b5/window/rect [39m[32m200[39m [90m28 ms - 50[39m
[35m[HTTP][39m [90m[39m
[35m[HTTP][39m [37m-->[39m [37mPOST[39m [37m/wd/hub/session/4f745ffc-c3c0-4d92-9e79-14a5459e46b5/elements[39m
[35m[HTTP][39m [90m{"using":"xpath","value":"//*[@class = 'android.widget.EditText' and @resource-id = 'com.loginmodule.learning:id/textInputEditTextConfirmPassword' and (@text = '' or . = '')]"}[39m
[35m[HTTP][39m [37m<-- POST /wd/hub/session/4f745ffc-c3c0-4d92-9e79-14a5459e46b5/elements [39m[32m200[39m [90m131 ms - 139[39m
[35m[HTTP][39m [90m[39m
[35m[HTTP][39m [37m-->[39m [37mGET[39m [37m/wd/hub/session/4f745ffc-c3c0-4d92-9e79-14a5459e46b5/element/00000000-0000-00f4-ffff-ffff00000024/location[39m
[35m[HTTP][39m [90m{}[39m
[35m[W3C (4f745ffc)][39m Driver proxy active, passing request on via HTTP proxy
[35m[WD Proxy][39m Replacing sessionId 40128624-bacb-4839-afa2-4743f7c51352 with 4f745ffc-c3c0-4d92-9e79-14a5459e46b5
[35m[HTTP][39m [37m<-- GET /wd/hub/session/4f745ffc-c3c0-4d92-9e79-14a5459e46b5/element/00000000-0000-00f4-ffff-ffff00000024/location [39m[32m200[39m [90m31 ms - 78[39m
[35m[HTTP][39m [90m[39m
[35m[HTTP][39m [37m-->[39m [37mPOST[39m [37m/wd/hub/session/4f745ffc-c3c0-4d92-9e79-14a5459e46b5/timeouts[39m
[35m[HTTP][39m [90m{"implicit":30000}[39m
[35m[HTTP][39m [37m<-- POST /wd/hub/session/4f745ffc-c3c0-4d92-9e79-14a5459e46b5/timeouts [39m[32m200[39m [90m1 ms - 14[39m
[35m[HTTP][39m [90m[39m
[35m[HTTP][39m [37m-->[39m [37mPOST[39m [37m/wd/hub/session/4f745ffc-c3c0-4d92-9e79-14a5459e46b5/element/00000000-0000-00f4-ffff-ffff00000024/clear[39m
[35m[HTTP][39m [90m{"id":"00000000-0000-00f4-ffff-ffff00000024"}[39m
[35m[HTTP][39m [37m<-- POST /wd/hub/session/4f745ffc-c3c0-4d92-9e79-14a5459e46b5/element/00000000-0000-00f4-ffff-ffff00000024/clear [39m[32m200[39m [90m40 ms - 14[39m
[35m[HTTP][39m [90m[39m
[35m[HTTP][39m [37m-->[39m [37mPOST[39m [37m/wd/hub/session/4f745ffc-c3c0-4d92-9e79-14a5459e46b5/element/00000000-0000-00f4-ffff-ffff00000024/value[39m
[35m[HTTP][39m [90m{"id":"00000000-0000-00f4-ffff-ffff00000024","text":"123456789","value":["1","2","3","4","5","6","7","8","9"]}[39m
[35m[HTTP][39m [37m<-- POST /wd/hub/session/4f745ffc-c3c0-4d92-9e79-14a5459e46b5/element/00000000-0000-00f4-ffff-ffff00000024/value [39m[32m200[39m [90m1181 ms - 14[39m
[35m[HTTP][39m [90m[39m
[35m[HTTP][39m [37m-->[39m [37mPOST[39m [37m/wd/hub/session/4f745ffc-c3c0-4d92-9e79-14a5459e46b5/timeouts[39m
[35m[HTTP][39m [90m{"implicit":50}[39m
[35m[HTTP][39m [37m<-- POST /wd/hub/session/4f745ffc-c3c0-4d92-9e79-14a5459e46b5/timeouts [39m[32m200[39m [90m2 ms - 14[39m
[35m[HTTP][39m [90m[39m
[35m[HTTP][39m [37m-->[39m [37mGET[39m [37m/wd/hub/session/4f745ffc-c3c0-4d92-9e79-14a5459e46b5/window/rect[39m
[35m[HTTP][39m [90m{}[39m
[35m[HTTP][39m [37m<-- GET /wd/hub/session/4f745ffc-c3c0-4d92-9e79-14a5459e46b5/window/rect [39m[32m200[39m [90m19 ms - 50[39m
[35m[HTTP][39m [90m[39m
[35m[HTTP][39m [37m-->[39m [37mPOST[39m [37m/wd/hub/session/4f745ffc-c3c0-4d92-9e79-14a5459e46b5/elements[39m
[35m[HTTP][39m [90m{"using":"xpath","value":"//*[@class = 'android.widget.Button' and (@text = 'REGISTER' or . = 'REGISTER') and @resource-id = 'com.loginmodule.learning:id/appCompatButtonRegister']"}[39m
[35m[HTTP][39m [37m<-- POST /wd/hub/session/4f745ffc-c3c0-4d92-9e79-14a5459e46b5/elements [39m[32m200[39m [90m94 ms - 139[39m
[35m[HTTP][39m [90m[39m
[35m[HTTP][39m [37m-->[39m [37mGET[39m [37m/wd/hub/session/4f745ffc-c3c0-4d92-9e79-14a5459e46b5/element/00000000-0000-00f4-ffff-ffff00000025/location[39m
[35m[HTTP][39m [90m{}[39m
[35m[W3C (4f745ffc)][39m Driver proxy active, passing request on via HTTP proxy
[35m[WD Proxy][39m Replacing sessionId 40128624-bacb-4839-afa2-4743f7c51352 with 4f745ffc-c3c0-4d92-9e79-14a5459e46b5
[35m[HTTP][39m [37m<-- GET /wd/hub/session/4f745ffc-c3c0-4d92-9e79-14a5459e46b5/element/00000000-0000-00f4-ffff-ffff00000025/location [39m[32m200[39m [90m16 ms - 78[39m
[35m[HTTP][39m [90m[39m
[35m[HTTP][39m [37m-->[39m [37mPOST[39m [37m/wd/hub/session/4f745ffc-c3c0-4d92-9e79-14a5459e46b5/timeouts[39m
[35m[HTTP][39m [90m{"implicit":30000}[39m
[35m[HTTP][39m [37m<-- POST /wd/hub/session/4f745ffc-c3c0-4d92-9e79-14a5459e46b5/timeouts [39m[32m200[39m [90m1 ms - 14[39m
[35m[HTTP][39m [90m[39m
[35m[HTTP][39m [37m-->[39m [37mPOST[39m [37m/wd/hub/session/4f745ffc-c3c0-4d92-9e79-14a5459e46b5/touch/perform[39m
[35m[HTTP][39m [90m{"actions":[{"action":"tap","options":{"x":1,"y":1,"element":"00000000-0000-00f4-ffff-ffff00000025"}},{"action":"release","options":{}}]}[39m
[35m[UiAutomator2][39m calling get location: 00000000-0000-00f4-ffff-ffff00000025
[35m[HTTP][39m [37m<-- POST /wd/hub/session/4f745ffc-c3c0-4d92-9e79-14a5459e46b5/touch/perform [39m[32m200[39m [90m283 ms - 14[39m
[35m[HTTP][39m [90m[39m
[35m[HTTP][39m [37m-->[39m [37mGET[39m [37m/wd/hub/session/4f745ffc-c3c0-4d92-9e79-14a5459e46b5/context[39m
[35m[HTTP][39m [90m{}[39m
[35m[HTTP][39m [37m<-- GET /wd/hub/session/4f745ffc-c3c0-4d92-9e79-14a5459e46b5/context [39m[32m200[39m [90m1 ms - 22[39m
[35m[HTTP][39m [90m[39m
[35m[HTTP][39m [37m-->[39m [37mGET[39m [37m/wd/hub/session/4f745ffc-c3c0-4d92-9e79-14a5459e46b5/contexts[39m
[35m[HTTP][39m [90m{}[39m
[35m[HTTP][39m [37m<-- GET /wd/hub/session/4f745ffc-c3c0-4d92-9e79-14a5459e46b5/contexts [39m[32m200[39m [90m172 ms - 41[39m
[35m[HTTP][39m [90m[39m
[35m[HTTP][39m [37m-->[39m [37mPOST[39m [37m/wd/hub/session/4f745ffc-c3c0-4d92-9e79-14a5459e46b5/context[39m
[35m[HTTP][39m [90m{"name":"NATIVE_APP"}[39m
[35m[HTTP][39m [37m<-- POST /wd/hub/session/4f745ffc-c3c0-4d92-9e79-14a5459e46b5/context [39m[32m200[39m [90m1 ms - 14[39m
[35m[HTTP][39m [90m[39m
[35m[HTTP][39m [37m-->[39m [37mGET[39m [37m/wd/hub/session/4f745ffc-c3c0-4d92-9e79-14a5459e46b5/screenshot[39m
[35m[HTTP][39m [90m{}[39m
[35m[HTTP][39m [37m<-- GET /wd/hub/session/4f745ffc-c3c0-4d92-9e79-14a5459e46b5/screenshot [39m[32m200[39m [90m437 ms - 102016[39m
[35m[HTTP][39m [90m[39m
[35m[HTTP][39m [37m-->[39m [37mPOST[39m [37m/wd/hub/session/4f745ffc-c3c0-4d92-9e79-14a5459e46b5/context[39m
[35m[HTTP][39m [90m{"name":"NATIVE_APP"}[39m
[35m[HTTP][39m [37m<-- POST /wd/hub/session/4f745ffc-c3c0-4d92-9e79-14a5459e46b5/context [39m[32m200[39m [90m2 ms - 14[39m
[35m[HTTP][39m [90m[39m
[35m[HTTP][39m [37m-->[39m [37mDELETE[39m [37m/wd/hub/session/4f745ffc-c3c0-4d92-9e79-14a5459e46b5[39m
[35m[HTTP][39m [90m{}[39m
[35m[Appium][39m Removing session 4f745ffc-c3c0-4d92-9e79-14a5459e46b5 from our master session list
[35m[UiAutomator2][39m Restoring hidden api policy to the device default configuration
[35m[HTTP][39m [37m<-- DELETE /wd/hub/session/4f745ffc-c3c0-4d92-9e79-14a5459e46b5 [39m[32m200[39m [90m410 ms - 14[39m
[35m[HTTP][39m [90m[39m
